  main.cpp
D:\learning\code learning material\C++ learning\学习项目(VS2022)\leetcode\1339 分裂二叉树的最大乘积\main.cpp(14,21): warning C4244: “初始化”: 从“double”转换到“int”，可能丢失数据
D:\learning\code learning material\C++ learning\学习项目(VS2022)\leetcode\1339 分裂二叉树的最大乘积\main.cpp(18,9): error C2065: “unordered_map”: 未声明的标识符
D:\learning\code learning material\C++ learning\学习项目(VS2022)\leetcode\1339 分裂二叉树的最大乘积\main.cpp(18,32): error C2059: 语法错误:“,”
D:\learning\code learning material\C++ learning\学习项目(VS2022)\leetcode\1339 分裂二叉树的最大乘积\main.cpp(23,13): error C3861: “hash_map”: 找不到标识符
D:\learning\code learning material\C++ learning\学习项目(VS2022)\leetcode\1339 分裂二叉树的最大乘积\main.cpp(20,59): message : 此诊断出现在编译器生成的函数“int Solution::maxProduct::<lambda_1>::operator ()(_T1 &&,TreeNode *) const”中
D:\learning\code learning material\C++ learning\学习项目(VS2022)\leetcode\1339 分裂二叉树的最大乘积\main.cpp(25,13): error C3861: “hash_map”: 找不到标识符
D:\learning\code learning material\C++ learning\学习项目(VS2022)\leetcode\1339 分裂二叉树的最大乘积\main.cpp(20,59): message : 此诊断出现在编译器生成的函数“int Solution::maxProduct::<lambda_1>::operator ()(_T1 &&,TreeNode *) const”中
D:\learning\code learning material\C++ learning\学习项目(VS2022)\leetcode\1339 分裂二叉树的最大乘积\main.cpp(23,13): error C2065: “hash_map”: 未声明的标识符
D:\learning\code learning material\C++ learning\学习项目(VS2022)\leetcode\1339 分裂二叉树的最大乘积\main.cpp(20,59): message : 此诊断出现在编译器生成的函数“int Solution::maxProduct::<lambda_1>::operator ()(_T1 &&,TreeNode *) const”中
D:\learning\code learning material\C++ learning\学习项目(VS2022)\leetcode\1339 分裂二叉树的最大乘积\main.cpp(25,13): error C2065: “hash_map”: 未声明的标识符
D:\learning\code learning material\C++ learning\学习项目(VS2022)\leetcode\1339 分裂二叉树的最大乘积\main.cpp(20,59): message : 此诊断出现在编译器生成的函数“int Solution::maxProduct::<lambda_1>::operator ()(_T1 &&,TreeNode *) const”中
D:\learning\code learning material\C++ learning\学习项目(VS2022)\leetcode\1339 分裂二叉树的最大乘积\main.cpp(32,24): error C2065: “hash_map”: 未声明的标识符
D:\learning\code learning material\C++ learning\学习项目(VS2022)\leetcode\1339 分裂二叉树的最大乘积\main.cpp(32,1): error C2530: “x”: 必须初始化引用
D:\learning\code learning material\C++ learning\学习项目(VS2022)\leetcode\1339 分裂二叉树的最大乘积\main.cpp(32,1): error C3531: “x”: 类型包含“auto”的符号必须具有初始值设定项
D:\learning\code learning material\C++ learning\学习项目(VS2022)\leetcode\1339 分裂二叉树的最大乘积\main.cpp(32,22): error C2143: 语法错误: 缺少“;”(在“:”的前面)
D:\learning\code learning material\C++ learning\学习项目(VS2022)\leetcode\1339 分裂二叉树的最大乘积\main.cpp(32,32): error C2143: 语法错误: 缺少“;”(在“)”的前面)
D:\learning\code learning material\C++ learning\学习项目(VS2022)\leetcode\1339 分裂二叉树的最大乘积\main.cpp(33,28): error C2672: “std::max”: 未找到匹配的重载函数
C:\Program Files\Microsoft Visual Studio\2022\Community\VC\Tools\MSVC\14.35.32215\include\utility(51,26): message : 可能是“_Ty std::max(std::initializer_list<_Elem>)”
C:\Program Files\Microsoft Visual Studio\2022\Community\VC\Tools\MSVC\14.35.32215\include\utility(48,26): message : 或    “_Ty std::max(std::initializer_list<_Elem>,_Pr)”
D:\learning\code learning material\C++ learning\学习项目(VS2022)\leetcode\1339 分裂二叉树的最大乘积\main.cpp(33,28): message : “_Ty std::max(std::initializer_list<_Elem>,_Pr)”: 应输入 2 个参数，却提供了 1 个
C:\Program Files\Microsoft Visual Studio\2022\Community\VC\Tools\MSVC\14.35.32215\include\utility(41,6): message : 或    “const _Ty &std::max(const _Ty &,const _Ty &) noexcept(<expr>)”
D:\learning\code learning material\C++ learning\学习项目(VS2022)\leetcode\1339 分裂二叉树的最大乘积\main.cpp(33,28): message : “const _Ty &std::max(const _Ty &,const _Ty &) noexcept(<expr>)”: 应输入 2 个参数，却提供了 1 个
C:\Program Files\Microsoft Visual Studio\2022\Community\VC\Tools\MSVC\14.35.32215\include\utility(31,33): message : 或    “const _Ty &std::max(const _Ty &,const _Ty &,_Pr) noexcept(<expr>)”
D:\learning\code learning material\C++ learning\学习项目(VS2022)\leetcode\1339 分裂二叉树的最大乘积\main.cpp(33,28): message : “const _Ty &std::max(const _Ty &,const _Ty &,_Pr) noexcept(<expr>)”: 应输入 3 个参数，却提供了 1 个
D:\learning\code learning material\C++ learning\学习项目(VS2022)\leetcode\1339 分裂二叉树的最大乘积\main.cpp(33,19): error C2672: “std::max”: 未找到匹配的重载函数
C:\Program Files\Microsoft Visual Studio\2022\Community\VC\Tools\MSVC\14.35.32215\include\utility(51,26): message : 可能是“_Ty std::max(std::initializer_list<_Elem>)”
D:\learning\code learning material\C++ learning\学习项目(VS2022)\leetcode\1339 分裂二叉树的最大乘积\main.cpp(33,19): message : “_Ty std::max(std::initializer_list<_Elem>)”: 无法从“ll”推导出“std::initializer_list<_Elem>”的 模板 参数
C:\Program Files\Microsoft Visual Studio\2022\Community\VC\Tools\MSVC\14.35.32215\include\utility(48,26): message : 或    “_Ty std::max(std::initializer_list<_Elem>,_Pr)”
D:\learning\code learning material\C++ learning\学习项目(VS2022)\leetcode\1339 分裂二叉树的最大乘积\main.cpp(33,19): message : “_Ty std::max(std::initializer_list<_Elem>,_Pr)”: 应输入 2 个参数，却提供了 1 个
C:\Program Files\Microsoft Visual Studio\2022\Community\VC\Tools\MSVC\14.35.32215\include\utility(41,6): message : 或    “const _Ty &std::max(const _Ty &,const _Ty &) noexcept(<expr>)”
D:\learning\code learning material\C++ learning\学习项目(VS2022)\leetcode\1339 分裂二叉树的最大乘积\main.cpp(33,19): message : “const _Ty &std::max(const _Ty &,const _Ty &) noexcept(<expr>)”: 应输入 2 个参数，却提供了 1 个
C:\Program Files\Microsoft Visual Studio\2022\Community\VC\Tools\MSVC\14.35.32215\include\utility(31,33): message : 或    “const _Ty &std::max(const _Ty &,const _Ty &,_Pr) noexcept(<expr>)”
D:\learning\code learning material\C++ learning\学习项目(VS2022)\leetcode\1339 分裂二叉树的最大乘积\main.cpp(33,19): message : “const _Ty &std::max(const _Ty &,const _Ty &,_Pr) noexcept(<expr>)”: 应输入 3 个参数，却提供了 1 个
